<?xml version="1.0" encoding="UTF-8"?>
<!-- Generated by org.testng.reporters.JUnitReportReporter -->
<testsuite skipped="0" hostname="mounika" name="com.taxi.user.test.Userlogintest" tests="2" failures="0" timestamp="09 Sep 2019 08:18:48 GMT" time="118.448" errors="0">
  <testcase name="userlogin" time="34.811" classname="com.taxi.user.test.Userlogintest"/>
  <testcase name="AddDepartingFlight" time="83.637" classname="com.taxi.user.test.Userlogintest"/>
</testsuite> <!-- com.taxi.user.test.Userlogintest -->
