<?xml version="1.0" encoding="UTF-8"?>
<!-- Generated by org.testng.reporters.JUnitReportReporter -->
<testsuite skipped="0" hostname="mounika" name="com.taxi.driver.test.LoginTest" tests="1" failures="0" timestamp="28 Aug 2019 11:11:54 GMT" time="2.852" errors="0">
  <testcase name="logintest" time="2.852" classname="com.taxi.driver.test.LoginTest"/>
</testsuite> <!-- com.taxi.driver.test.LoginTest -->
