<?xml version="1.0" encoding="UTF-8"?>
<!-- Generated by org.testng.reporters.JUnitReportReporter -->
<testsuite skipped="0" hostname="mounika" name="com.taxi.driver.base.Bestfrd" tests="1" failures="0" timestamp="04 Sep 2019 13:40:28 GMT" time="11.736" errors="0">
  <testcase name="execute" time="11.736" classname="com.taxi.driver.base.Bestfrd"/>
</testsuite> <!-- com.taxi.driver.base.Bestfrd -->
