<?xml version="1.0" encoding="UTF-8"?>
<!-- Generated by org.testng.reporters.JUnitReportReporter -->
<testsuite skipped="0" hostname="mounika" name="testDemo.testDemo.App" tests="1" failures="0" timestamp="27 Aug 2019 12:48:40 GMT" time="6.123" errors="0">
  <testcase name="baseclass" time="6.123" classname="testDemo.testDemo.App"/>
</testsuite> <!-- testDemo.testDemo.App -->
